<?xml version="1.0" encoding="UTF-8"?>
<!-- Generated by org.testng.reporters.JUnitXMLReporter -->
<testsuite hostname="DESKTOP-OJLNA2U" ignored="0" name="Test" tests="2" failures="1" timestamp="2019-09-10T20:03:38 IST" time="4.31" errors="0">
  <testcase name="checkIfServerIsUp" time="1.954" classname="adminLogin.Login">
    <failure type="java.lang.AssertionError" message="1 expectation failed.
Expected status line &amp;quot;HTTP/1.1 200 &amp;quot; doesn&amp;apos;t match actual status line &amp;quot;HTTP/1.1 200 OK&amp;quot;.
">
      <![CDATA[java.lang.AssertionError: 1 expectation failed.
Expected status line "HTTP/1.1 200 " doesn't match actual status line "HTTP/1.1 200 OK".

at org.codehaus.groovy.runtime.callsite.ConstructorSite$ConstructorSiteNoUnwrap.callConstructor(ConstructorSite.java:84)
at org.codehaus.groovy.runtime.callsite.CallSiteArray.defaultCallConstructor(CallSiteArray.java:59)
at org.codehaus.groovy.runtime.callsite.AbstractCallSite.callConstructor(AbstractCallSite.java:237)
at org.codehaus.groovy.runtime.callsite.AbstractCallSite.callConstructor(AbstractCallSite.java:249)
at io.restassured.internal.ResponseSpecificationImpl$HamcrestAssertionClosure.validate(ResponseSpecificationImpl.groovy:493)
at io.restassured.internal.ResponseSpecificationImpl$HamcrestAssertionClosure$validate$1.call(Unknown Source)
at io.restassured.internal.ResponseSpecificationImpl.validateResponseIfRequired(ResponseSpecificationImpl.groovy:671)
at org.codehaus.groovy.runtime.callsite.PlainObjectMetaMethodSite.doInvoke(PlainObjectMetaMethodSite.java:43)
at org.codehaus.groovy.runtime.callsite.PogoMetaMethodSite$PogoCachedMethodSiteNoUnwrapNoCoerce.invoke(PogoMetaMethodSite.java:190)
at org.codehaus.groovy.runtime.callsite.PogoMetaMethodSite.callCurrent(PogoMetaMethodSite.java:58)
at org.codehaus.groovy.runtime.callsite.CallSiteArray.defaultCallCurrent(CallSiteArray.java:51)
at org.codehaus.groovy.runtime.callsite.AbstractCallSite.callCurrent(AbstractCallSite.java:156)
at org.codehaus.groovy.runtime.callsite.AbstractCallSite.callCurrent(AbstractCallSite.java:168)
at io.restassured.internal.ResponseSpecificationImpl.statusLine(ResponseSpecificationImpl.groovy:139)
at io.restassured.specification.ResponseSpecification$statusLine$1.callCurrent(Unknown Source)
at org.codehaus.groovy.runtime.callsite.CallSiteArray.defaultCallCurrent(CallSiteArray.java:51)
at org.codehaus.groovy.runtime.callsite.AbstractCallSite.callCurrent(AbstractCallSite.java:156)
at org.codehaus.groovy.runtime.callsite.AbstractCallSite.callCurrent(AbstractCallSite.java:168)
at io.restassured.internal.ResponseSpecificationImpl.statusLine(ResponseSpecificationImpl.groovy:254)
at io.restassured.internal.ValidatableResponseOptionsImpl.statusLine(ValidatableResponseOptionsImpl.java:99)
at io.restassured.internal.ValidatableResponseImpl.super$2$statusLine(ValidatableResponseImpl.groovy)
at groovy.lang.MetaMethod.doMethodInvoke(MetaMethod.java:323)
at groovy.lang.MetaClassImpl.invokeMethod(MetaClassImpl.java:1217)
at org.codehaus.groovy.runtime.ScriptBytecodeAdapter.invokeMethodOnSuperN(ScriptBytecodeAdapter.java:144)
at io.restassured.internal.ValidatableResponseImpl.statusLine(ValidatableResponseImpl.groovy:154)
at io.restassured.internal.ValidatableResponseImpl.statusLine(ValidatableResponseImpl.groovy)
at utils.Utils.serverIsrunning(Utils.java:40)
at adminLogin.Login.checkIfServerIsUp(Login.java:34)
at java.util.ArrayList.forEach(Unknown Source)
... Removed 42 stack frames]]>
    </failure>
  </testcase> <!-- checkIfServerIsUp -->
  <testcase name="superadminLogin" time="2.315" classname="adminLogin.Login"/>
</testsuite> <!-- Test -->
